{"/home/ishubham/Desktop/oslash-be/src/services/auth/auth.service.ts": {"path":"/home/ishubham/Desktop/oslash-be/src/services/auth/auth.service.ts","statementMap":{"0":{"start":{"line":18,"column":4},"end":{"line":18,"column":31}},"1":{"start":{"line":19,"column":4},"end":{"line":19,"column":41}},"2":{"start":{"line":27,"column":28},"end":{"line":33,"column":3}},"3":{"start":{"line":30,"column":17},"end":{"line":30,"column":34}},"4":{"start":{"line":31,"column":27},"end":{"line":31,"column":53}},"5":{"start":{"line":32,"column":4},"end":{"line":32,"column":26}},"6":{"start":{"line":41,"column":28},"end":{"line":46,"column":3}},"7":{"start":{"line":45,"column":4},"end":{"line":45,"column":45}},"8":{"start":{"line":53,"column":20},"end":{"line":92,"column":3}},"9":{"start":{"line":54,"column":4},"end":{"line":91,"column":7}},"10":{"start":{"line":59,"column":6},"end":{"line":90,"column":11}},"11":{"start":{"line":60,"column":8},"end":{"line":89,"column":9}},"12":{"start":{"line":61,"column":36},"end":{"line":63,"column":11}},"13":{"start":{"line":68,"column":10},"end":{"line":73,"column":11}},"14":{"start":{"line":69,"column":12},"end":{"line":72,"column":31}},"15":{"start":{"line":78,"column":10},"end":{"line":78,"column":68}},"16":{"start":{"line":79,"column":25},"end":{"line":81,"column":12}},"17":{"start":{"line":83,"column":10},"end":{"line":83,"column":29}},"18":{"start":{"line":85,"column":10},"end":{"line":88,"column":29}},"19":{"start":{"line":99,"column":17},"end":{"line":150,"column":3}},"20":{"start":{"line":100,"column":4},"end":{"line":149,"column":7}},"21":{"start":{"line":101,"column":6},"end":{"line":148,"column":11}},"22":{"start":{"line":102,"column":8},"end":{"line":147,"column":9}},"23":{"start":{"line":103,"column":28},"end":{"line":103,"column":32}},"24":{"start":{"line":104,"column":36},"end":{"line":107,"column":11}},"25":{"start":{"line":112,"column":10},"end":{"line":117,"column":11}},"26":{"start":{"line":113,"column":12},"end":{"line":116,"column":31}},"27":{"start":{"line":122,"column":31},"end":{"line":122,"column":44}},"28":{"start":{"line":123,"column":25},"end":{"line":123,"column":38}},"29":{"start":{"line":125,"column":10},"end":{"line":132,"column":11}},"30":{"start":{"line":128,"column":12},"end":{"line":131,"column":15}},"31":{"start":{"line":138,"column":53},"end":{"line":138,"column":57}},"32":{"start":{"line":139,"column":10},"end":{"line":139,"column":49}},"33":{"start":{"line":141,"column":10},"end":{"line":141,"column":39}},"34":{"start":{"line":143,"column":10},"end":{"line":146,"column":29}}},"fnMap":{"0":{"name":"(anonymous_0)","decl":{"start":{"line":17,"column":2},"end":{"line":17,"column":3}},"loc":{"start":{"line":17,"column":17},"end":{"line":20,"column":3}},"line":17},"1":{"name":"(anonymous_1)","decl":{"start":{"line":27,"column":28},"end":{"line":27,"column":29}},"loc":{"start":{"line":29,"column":24},"end":{"line":33,"column":3}},"line":29},"2":{"name":"(anonymous_2)","decl":{"start":{"line":41,"column":28},"end":{"line":41,"column":29}},"loc":{"start":{"line":44,"column":25},"end":{"line":46,"column":3}},"line":44},"3":{"name":"(anonymous_3)","decl":{"start":{"line":53,"column":20},"end":{"line":53,"column":21}},"loc":{"start":{"line":53,"column":69},"end":{"line":92,"column":3}},"line":53},"4":{"name":"(anonymous_4)","decl":{"start":{"line":54,"column":31},"end":{"line":54,"column":32}},"loc":{"start":{"line":54,"column":52},"end":{"line":91,"column":5}},"line":54},"5":{"name":"(anonymous_5)","decl":{"start":{"line":59,"column":7},"end":{"line":59,"column":8}},"loc":{"start":{"line":59,"column":19},"end":{"line":90,"column":7}},"line":59},"6":{"name":"(anonymous_6)","decl":{"start":{"line":99,"column":17},"end":{"line":99,"column":18}},"loc":{"start":{"line":99,"column":42},"end":{"line":150,"column":3}},"line":99},"7":{"name":"(anonymous_7)","decl":{"start":{"line":100,"column":44},"end":{"line":100,"column":45}},"loc":{"start":{"line":100,"column":65},"end":{"line":149,"column":5}},"line":100},"8":{"name":"(anonymous_8)","decl":{"start":{"line":101,"column":7},"end":{"line":101,"column":8}},"loc":{"start":{"line":101,"column":19},"end":{"line":148,"column":7}},"line":101}},"branchMap":{"0":{"loc":{"start":{"line":68,"column":10},"end":{"line":73,"column":11}},"type":"if","locations":[{"start":{"line":68,"column":10},"end":{"line":73,"column":11}},{"start":{},"end":{}}],"line":68},"1":{"loc":{"start":{"line":112,"column":10},"end":{"line":117,"column":11}},"type":"if","locations":[{"start":{"line":112,"column":10},"end":{"line":117,"column":11}},{"start":{},"end":{}}],"line":112},"2":{"loc":{"start":{"line":125,"column":10},"end":{"line":132,"column":11}},"type":"if","locations":[{"start":{"line":125,"column":10},"end":{"line":132,"column":11}},{"start":{},"end":{}}],"line":125}},"s":{"0":3,"1":3,"2":3,"3":2,"4":2,"5":2,"6":3,"7":4,"8":3,"9":2,"10":2,"11":2,"12":2,"13":2,"14":1,"15":1,"16":1,"17":1,"18":0,"19":3,"20":4,"21":4,"22":4,"23":4,"24":4,"25":4,"26":1,"27":3,"28":3,"29":3,"30":3,"31":0,"32":0,"33":0,"34":0},"f":{"0":3,"1":2,"2":4,"3":2,"4":2,"5":2,"6":4,"7":4,"8":4},"b":{"0":[1,1],"1":[1,3],"2":[3,0]},"_coverageSchema":"1a1c01bbd47fc00a2c39e90264f33305004495a9","hash":"610d8b6f7624a9cae229e1d115b817fa30d3329c"}
,"/home/ishubham/Desktop/oslash-be/src/services/user/user.service.ts": {"path":"/home/ishubham/Desktop/oslash-be/src/services/user/user.service.ts","statementMap":{"0":{"start":{"line":8,"column":4},"end":{"line":8,"column":31}},"1":{"start":{"line":16,"column":28},"end":{"line":40,"column":3}},"2":{"start":{"line":20,"column":4},"end":{"line":39,"column":7}},"3":{"start":{"line":24,"column":6},"end":{"line":38,"column":11}},"4":{"start":{"line":25,"column":8},"end":{"line":37,"column":9}},"5":{"start":{"line":26,"column":23},"end":{"line":33,"column":12}},"6":{"start":{"line":34,"column":10},"end":{"line":34,"column":31}},"7":{"start":{"line":36,"column":10},"end":{"line":36,"column":31}},"8":{"start":{"line":47,"column":25},"end":{"line":65,"column":3}},"9":{"start":{"line":48,"column":4},"end":{"line":64,"column":7}},"10":{"start":{"line":49,"column":6},"end":{"line":63,"column":11}},"11":{"start":{"line":50,"column":8},"end":{"line":62,"column":9}},"12":{"start":{"line":51,"column":23},"end":{"line":58,"column":12}},"13":{"start":{"line":59,"column":10},"end":{"line":59,"column":31}},"14":{"start":{"line":61,"column":10},"end":{"line":61,"column":31}}},"fnMap":{"0":{"name":"(anonymous_0)","decl":{"start":{"line":7,"column":2},"end":{"line":7,"column":3}},"loc":{"start":{"line":7,"column":17},"end":{"line":9,"column":3}},"line":7},"1":{"name":"(anonymous_1)","decl":{"start":{"line":16,"column":28},"end":{"line":16,"column":29}},"loc":{"start":{"line":19,"column":29},"end":{"line":40,"column":3}},"line":19},"2":{"name":"(anonymous_2)","decl":{"start":{"line":20,"column":36},"end":{"line":20,"column":37}},"loc":{"start":{"line":20,"column":57},"end":{"line":39,"column":5}},"line":20},"3":{"name":"(anonymous_3)","decl":{"start":{"line":24,"column":7},"end":{"line":24,"column":8}},"loc":{"start":{"line":24,"column":19},"end":{"line":38,"column":7}},"line":24},"4":{"name":"(anonymous_4)","decl":{"start":{"line":47,"column":25},"end":{"line":47,"column":26}},"loc":{"start":{"line":47,"column":63},"end":{"line":65,"column":3}},"line":47},"5":{"name":"(anonymous_5)","decl":{"start":{"line":48,"column":36},"end":{"line":48,"column":37}},"loc":{"start":{"line":48,"column":57},"end":{"line":64,"column":5}},"line":48},"6":{"name":"(anonymous_6)","decl":{"start":{"line":49,"column":7},"end":{"line":49,"column":8}},"loc":{"start":{"line":49,"column":19},"end":{"line":63,"column":7}},"line":49}},"branchMap":{"0":{"loc":{"start":{"line":18,"column":4},"end":{"line":18,"column":37}},"type":"default-arg","locations":[{"start":{"line":18,"column":32},"end":{"line":18,"column":37}}],"line":18}},"s":{"0":5,"1":5,"2":10,"3":10,"4":10,"5":10,"6":10,"7":0,"8":5,"9":2,"10":2,"11":2,"12":2,"13":2,"14":0},"f":{"0":5,"1":10,"2":10,"3":10,"4":2,"5":2,"6":2},"b":{"0":[4]},"_coverageSchema":"1a1c01bbd47fc00a2c39e90264f33305004495a9","hash":"b4ab198448919348155853c4a44cc7394e62adac"}
,"/home/ishubham/Desktop/oslash-be/src/utils/prisma.util.ts": {"path":"/home/ishubham/Desktop/oslash-be/src/utils/prisma.util.ts","statementMap":{"0":{"start":{"line":3,"column":35},"end":{"line":3,"column":53}}},"fnMap":{},"branchMap":{},"s":{"0":2},"f":{},"b":{},"_coverageSchema":"1a1c01bbd47fc00a2c39e90264f33305004495a9","hash":"296a2d07be02d011dcd87aa0d325368d49a38a59"}
}
