TN:
SF:src/services/auth/auth.service.ts
FN:17,(anonymous_0)
FN:27,(anonymous_1)
FN:41,(anonymous_2)
FN:53,(anonymous_3)
FN:54,(anonymous_4)
FN:59,(anonymous_5)
FN:99,(anonymous_6)
FN:100,(anonymous_7)
FN:101,(anonymous_8)
FNF:9
FNH:9
FNDA:4,(anonymous_0)
FNDA:2,(anonymous_1)
FNDA:4,(anonymous_2)
FNDA:2,(anonymous_3)
FNDA:2,(anonymous_4)
FNDA:2,(anonymous_5)
FNDA:4,(anonymous_6)
FNDA:4,(anonymous_7)
FNDA:4,(anonymous_8)
DA:18,4
DA:19,4
DA:27,4
DA:30,2
DA:31,2
DA:32,2
DA:41,4
DA:45,4
DA:53,4
DA:54,2
DA:59,2
DA:60,2
DA:61,2
DA:68,2
DA:69,1
DA:78,1
DA:79,1
DA:83,1
DA:85,0
DA:99,4
DA:100,4
DA:101,4
DA:102,4
DA:103,4
DA:104,4
DA:112,4
DA:113,1
DA:122,3
DA:123,3
DA:125,3
DA:128,3
DA:138,0
DA:139,0
DA:141,0
DA:143,0
LF:35
LH:30
BRDA:68,0,0,1
BRDA:68,0,1,1
BRDA:112,1,0,1
BRDA:112,1,1,3
BRDA:125,2,0,3
BRDA:125,2,1,0
BRF:6
BRH:5
end_of_record
TN:
SF:src/services/user/user.service.ts
FN:7,(anonymous_0)
FN:16,(anonymous_1)
FN:20,(anonymous_2)
FN:24,(anonymous_3)
FN:47,(anonymous_4)
FN:48,(anonymous_5)
FN:49,(anonymous_6)
FNF:7
FNH:4
FNDA:4,(anonymous_0)
FNDA:6,(anonymous_1)
FNDA:6,(anonymous_2)
FNDA:6,(anonymous_3)
FNDA:0,(anonymous_4)
FNDA:0,(anonymous_5)
FNDA:0,(anonymous_6)
DA:8,4
DA:16,4
DA:20,6
DA:24,6
DA:25,6
DA:26,6
DA:34,6
DA:36,0
DA:47,4
DA:48,0
DA:49,0
DA:50,0
DA:51,0
DA:59,0
DA:61,0
LF:15
LH:8
BRDA:18,0,0,2
BRF:1
BRH:1
end_of_record
TN:
SF:src/utils/prisma.util.ts
FNF:0
FNH:0
DA:3,2
LF:1
LH:1
BRF:0
BRH:0
end_of_record
